{"level":30,"time":1711179344024,"pid":2619970,"hostname":"legion","msg":"Title: TETRIS000000000"}
{"level":30,"time":1711179344024,"pid":2619970,"hostname":"legion","msg":"Manufacturer Code: \u0000\u0000\u0000\u0000"}
{"level":30,"time":1711179344024,"pid":2619970,"hostname":"legion","msg":"GameBoy is running..."}
{"level":30,"time":1711179347109,"pid":2620012,"hostname":"legion","msg":"Title: TETRIS000000000"}
{"level":30,"time":1711179347110,"pid":2620012,"hostname":"legion","msg":"Manufacturer Code: \u0000\u0000\u0000\u0000"}
{"level":30,"time":1711179347110,"pid":2620012,"hostname":"legion","msg":"GameBoy is running..."}
{"level":30,"time":1711179507366,"pid":2620657,"hostname":"legion","msg":"Title: TETRIS000000000"}
{"level":30,"time":1711179507366,"pid":2620657,"hostname":"legion","msg":"Manufacturer Code: \u0000\u0000\u0000\u0000"}
{"level":30,"time":1711179507366,"pid":2620657,"hostname":"legion","msg":"GameBoy is running..."}
{"level":30,"time":1711181314856,"pid":2625409,"hostname":"legion","msg":"Title: TETRIS000000000"}
{"level":30,"time":1711181314857,"pid":2625409,"hostname":"legion","msg":"Manufacturer Code: \u0000\u0000\u0000\u0000"}
{"level":30,"time":1711181314857,"pid":2625409,"hostname":"legion","msg":"GameBoy is running..."}
{"level":30,"time":1711181362610,"pid":2625550,"hostname":"legion","msg":"Title: TETRIS000000000"}
{"level":30,"time":1711181362610,"pid":2625550,"hostname":"legion","msg":"Manufacturer Code: \u0000\u0000\u0000\u0000"}
{"level":30,"time":1711181362610,"pid":2625550,"hostname":"legion","msg":"GameBoy is running..."}
{"level":30,"time":1711181391414,"pid":2625729,"hostname":"legion","msg":"Title: TETRIS000000000"}
{"level":30,"time":1711181391414,"pid":2625729,"hostname":"legion","msg":"Manufacturer Code: \u0000\u0000\u0000\u0000"}
{"level":30,"time":1711181391414,"pid":2625729,"hostname":"legion","msg":"GameBoy is running..."}
{"level":30,"time":1711181392224,"pid":2625765,"hostname":"legion","msg":"Title: TETRIS000000000"}
{"level":30,"time":1711181392224,"pid":2625765,"hostname":"legion","msg":"Manufacturer Code: \u0000\u0000\u0000\u0000"}
{"level":30,"time":1711181392224,"pid":2625765,"hostname":"legion","msg":"GameBoy is running..."}
{"level":30,"time":1711181435233,"pid":2626125,"hostname":"legion","msg":"Title: TETRIS000000000"}
{"level":30,"time":1711181435233,"pid":2626125,"hostname":"legion","msg":"Manufacturer Code: \u0000\u0000\u0000\u0000"}
{"level":30,"time":1711181435233,"pid":2626125,"hostname":"legion","msg":"GameBoy is running..."}
{"level":30,"time":1711181449804,"pid":2626227,"hostname":"legion","msg":"Title: TETRIS000000000"}
{"level":30,"time":1711181449804,"pid":2626227,"hostname":"legion","msg":"Manufacturer Code: \u0000\u0000\u0000\u0000"}
{"level":30,"time":1711181449804,"pid":2626227,"hostname":"legion","msg":"GameBoy is running..."}
{"level":30,"time":1711181455445,"pid":2626272,"hostname":"legion","msg":"Title: TETRIS000000000"}
{"level":30,"time":1711181455446,"pid":2626272,"hostname":"legion","msg":"Manufacturer Code: \u0000\u0000\u0000\u0000"}
{"level":30,"time":1711181455446,"pid":2626272,"hostname":"legion","msg":"GameBoy is running..."}
{"level":30,"time":1711181474548,"pid":2626439,"hostname":"legion","msg":"Title: TETRIS000000000"}
{"level":30,"time":1711181474549,"pid":2626439,"hostname":"legion","msg":"Manufacturer Code: \u0000\u0000\u0000\u0000"}
{"level":30,"time":1711181474549,"pid":2626439,"hostname":"legion","msg":"GameBoy is running..."}
{"level":30,"time":1711184787614,"pid":2633977,"hostname":"legion","msg":"Title: TETRIS000000000"}
{"level":30,"time":1711184787614,"pid":2633977,"hostname":"legion","msg":"Manufacturer Code: \u0000\u0000\u0000\u0000"}
{"level":30,"time":1711184787614,"pid":2633977,"hostname":"legion","msg":"GameBoy is running..."}
{"level":30,"time":1711184788435,"pid":2634018,"hostname":"legion","msg":"Title: TETRIS000000000"}
{"level":30,"time":1711184788435,"pid":2634018,"hostname":"legion","msg":"Manufacturer Code: \u0000\u0000\u0000\u0000"}
{"level":30,"time":1711184788435,"pid":2634018,"hostname":"legion","msg":"GameBoy is running..."}
{"level":30,"time":1711184801752,"pid":2634078,"hostname":"legion","msg":"Title: TETRIS000000000"}
{"level":30,"time":1711184801752,"pid":2634078,"hostname":"legion","msg":"Manufacturer Code: \u0000\u0000\u0000\u0000"}
{"level":30,"time":1711184801752,"pid":2634078,"hostname":"legion","msg":"GameBoy is running..."}
{"level":30,"time":1711184831977,"pid":2634196,"hostname":"legion","msg":"Title: TETRIS000000000"}
{"level":30,"time":1711184831978,"pid":2634196,"hostname":"legion","msg":"Manufacturer Code: \u0000\u0000\u0000\u0000"}
{"level":30,"time":1711184831978,"pid":2634196,"hostname":"legion","msg":"GameBoy is running..."}
{"level":30,"time":1711184922432,"pid":2634656,"hostname":"legion","msg":"Title: TETRIS000000000"}
{"level":30,"time":1711184922432,"pid":2634656,"hostname":"legion","msg":"Manufacturer Code: \u0000\u0000\u0000\u0000"}
{"level":30,"time":1711184922432,"pid":2634656,"hostname":"legion","msg":"GameBoy is running..."}
{"level":30,"time":1711188967851,"pid":2643812,"hostname":"legion","msg":"Title: TETRIS000000000"}
{"level":30,"time":1711188967851,"pid":2643812,"hostname":"legion","msg":"Manufacturer Code: \u0000\u0000\u0000\u0000"}
{"level":30,"time":1711188967851,"pid":2643812,"hostname":"legion","msg":"GameBoy is running..."}
{"level":30,"time":1711189020917,"pid":2643972,"hostname":"legion","msg":"Title: TETRIS000000000"}
{"level":30,"time":1711189020917,"pid":2643972,"hostname":"legion","msg":"Manufacturer Code: \u0000\u0000\u0000\u0000"}
{"level":30,"time":1711189020917,"pid":2643972,"hostname":"legion","msg":"GameBoy is running..."}
{"level":30,"time":1711189020918,"pid":2643972,"hostname":"legion","msg":"CPU Started"}
{"level":30,"time":1711189042450,"pid":2644055,"hostname":"legion","msg":"Title: TETRIS000000000"}
{"level":30,"time":1711189042451,"pid":2644055,"hostname":"legion","msg":"Manufacturer Code: \u0000\u0000\u0000\u0000"}
{"level":30,"time":1711189042451,"pid":2644055,"hostname":"legion","msg":"GameBoy is running..."}
{"level":30,"time":1711189047501,"pid":2644097,"hostname":"legion","msg":"Title: TETRIS000000000"}
{"level":30,"time":1711189047501,"pid":2644097,"hostname":"legion","msg":"Manufacturer Code: \u0000\u0000\u0000\u0000"}
{"level":30,"time":1711189047501,"pid":2644097,"hostname":"legion","msg":"GameBoy is running..."}
{"level":30,"time":1711189055875,"pid":2644146,"hostname":"legion","msg":"Title: TETRIS000000000"}
{"level":30,"time":1711189055876,"pid":2644146,"hostname":"legion","msg":"Manufacturer Code: \u0000\u0000\u0000\u0000"}
{"level":30,"time":1711189055876,"pid":2644146,"hostname":"legion","msg":"GameBoy is running..."}
{"level":30,"time":1711189055876,"pid":2644146,"hostname":"legion","msg":true}
{"level":30,"time":1711189105662,"pid":2644292,"hostname":"legion","msg":"Title: TETRIS000000000"}
{"level":30,"time":1711189105663,"pid":2644292,"hostname":"legion","msg":"Manufacturer Code: \u0000\u0000\u0000\u0000"}
{"level":30,"time":1711189105663,"pid":2644292,"hostname":"legion","msg":"GameBoy is running..."}
{"level":30,"time":1711189105663,"pid":2644292,"hostname":"legion","msg":true}
{"level":30,"time":1711189105663,"pid":2644292,"hostname":"legion","msg":false}
{"level":30,"time":1711189105663,"pid":2644292,"hostname":"legion","msg":0}
{"level":30,"time":1711189142683,"pid":2644431,"hostname":"legion","msg":"Title: TETRIS000000000"}
{"level":30,"time":1711189142683,"pid":2644431,"hostname":"legion","msg":"Manufacturer Code: \u0000\u0000\u0000\u0000"}
{"level":30,"time":1711189142683,"pid":2644431,"hostname":"legion","msg":"GameBoy is running..."}
{"level":30,"time":1711189142683,"pid":2644431,"hostname":"legion","msg":true}
{"level":30,"time":1711189142683,"pid":2644431,"hostname":"legion","msg":false}
{"level":30,"time":1711189142683,"pid":2644431,"hostname":"legion","msg":0}
{"level":30,"time":1711189176015,"pid":2644544,"hostname":"legion","msg":"Title: TETRIS000000000"}
{"level":30,"time":1711189176016,"pid":2644544,"hostname":"legion","msg":"Manufacturer Code: \u0000\u0000\u0000\u0000"}
{"level":30,"time":1711189176016,"pid":2644544,"hostname":"legion","msg":"GameBoy is running..."}
{"level":30,"time":1711189176016,"pid":2644544,"hostname":"legion","msg":true}
{"level":30,"time":1711189176016,"pid":2644544,"hostname":"legion","msg":false}
{"level":30,"time":1711189176016,"pid":2644544,"hostname":"legion","msg":0}
{"level":30,"time":1711189176016,"pid":2644544,"hostname":"legion","msg":"CPU not yet implemented"}
{"level":30,"time":1711189176016,"pid":2644544,"hostname":"legion","msg":false}
{"level":30,"time":1711189176016,"pid":2644544,"hostname":"legion","msg":"CPU not yet implemented"}
{"level":30,"time":1711189176016,"pid":2644544,"hostname":"legion","msg":"CPU Stopped"}
{"level":30,"time":1711189186165,"pid":2644597,"hostname":"legion","msg":"Title: TETRIS000000000"}
{"level":30,"time":1711189186165,"pid":2644597,"hostname":"legion","msg":"Manufacturer Code: \u0000\u0000\u0000\u0000"}
{"level":30,"time":1711189186165,"pid":2644597,"hostname":"legion","msg":"GameBoy is running..."}
{"level":30,"time":1711189186165,"pid":2644597,"hostname":"legion","msg":"CPU not yet implemented"}
{"level":30,"time":1711189186165,"pid":2644597,"hostname":"legion","msg":false}
{"level":30,"time":1711189186165,"pid":2644597,"hostname":"legion","msg":"CPU not yet implemented"}
{"level":30,"time":1711189186165,"pid":2644597,"hostname":"legion","msg":"CPU Stopped"}
{"level":30,"time":1711214285546,"pid":2704327,"hostname":"legion","msg":"Title: TETRIS000000000"}
{"level":30,"time":1711214285546,"pid":2704327,"hostname":"legion","msg":"Manufacturer Code: \u0000\u0000\u0000\u0000"}
{"level":30,"time":1711214285546,"pid":2704327,"hostname":"legion","msg":"GameBoy is running..."}
{"level":30,"time":1711214285546,"pid":2704327,"hostname":"legion","msg":"CPU not yet implemented"}
{"level":30,"time":1711214285546,"pid":2704327,"hostname":"legion","msg":false}
{"level":30,"time":1711214285546,"pid":2704327,"hostname":"legion","msg":"CPU not yet implemented"}
{"level":30,"time":1711214285546,"pid":2704327,"hostname":"legion","msg":"CPU Stopped"}
{"level":30,"time":1711214311595,"pid":2704483,"hostname":"legion","msg":"Title: TETRIS000000000"}
{"level":30,"time":1711214311595,"pid":2704483,"hostname":"legion","msg":"Manufacturer Code: \u0000\u0000\u0000\u0000"}
{"level":30,"time":1711214311595,"pid":2704483,"hostname":"legion","msg":"GameBoy is running..."}
{"level":30,"time":1711214311595,"pid":2704483,"hostname":"legion","msg":"CPU not yet implemented"}
{"level":30,"time":1711214311595,"pid":2704483,"hostname":"legion","msg":false}
{"level":30,"time":1711214311595,"pid":2704483,"hostname":"legion","msg":"CPU not yet implemented"}
{"level":30,"time":1711214311595,"pid":2704483,"hostname":"legion","msg":"CPU Stopped"}
{"level":30,"time":1711214488278,"pid":2705115,"hostname":"legion","msg":"Title: TETRIS000000000"}
{"level":30,"time":1711214488278,"pid":2705115,"hostname":"legion","msg":"Manufacturer Code: \u0000\u0000\u0000\u0000"}
{"level":30,"time":1711214488278,"pid":2705115,"hostname":"legion","msg":"GameBoy is running..."}
{"level":30,"time":1711214488278,"pid":2705115,"hostname":"legion","msg":"CPU not yet implemented"}
{"level":30,"time":1711214488278,"pid":2705115,"hostname":"legion","msg":false}
{"level":30,"time":1711214488278,"pid":2705115,"hostname":"legion","msg":"CPU not yet implemented"}
{"level":30,"time":1711214488278,"pid":2705115,"hostname":"legion","msg":"CPU Stopped"}
{"level":30,"time":1711214488933,"pid":2705148,"hostname":"legion","msg":"Title: TETRIS000000000"}
{"level":30,"time":1711214488933,"pid":2705148,"hostname":"legion","msg":"Manufacturer Code: \u0000\u0000\u0000\u0000"}
{"level":30,"time":1711214488933,"pid":2705148,"hostname":"legion","msg":"GameBoy is running..."}
{"level":30,"time":1711214488933,"pid":2705148,"hostname":"legion","msg":"CPU not yet implemented"}
{"level":30,"time":1711214488933,"pid":2705148,"hostname":"legion","msg":false}
{"level":30,"time":1711214488933,"pid":2705148,"hostname":"legion","msg":"CPU not yet implemented"}
{"level":30,"time":1711214488933,"pid":2705148,"hostname":"legion","msg":"CPU Stopped"}
{"level":30,"time":1711214501378,"pid":2705206,"hostname":"legion","msg":"Title: TETRIS000000000"}
{"level":30,"time":1711214501378,"pid":2705206,"hostname":"legion","msg":"Manufacturer Code: \u0000\u0000\u0000\u0000"}
{"level":30,"time":1711214501378,"pid":2705206,"hostname":"legion","msg":"GameBoy is running..."}
{"level":30,"time":1711214501378,"pid":2705206,"hostname":"legion","msg":"CPU not yet implemented"}
{"level":30,"time":1711214501378,"pid":2705206,"hostname":"legion","msg":false}
{"level":30,"time":1711214501378,"pid":2705206,"hostname":"legion","msg":"CPU not yet implemented"}
{"level":30,"time":1711214501378,"pid":2705206,"hostname":"legion","msg":"CPU Stopped"}
{"level":30,"time":1711214517812,"pid":2705314,"hostname":"legion","msg":"Title: TETRIS000000000"}
{"level":30,"time":1711214517813,"pid":2705314,"hostname":"legion","msg":"Manufacturer Code: \u0000\u0000\u0000\u0000"}
{"level":30,"time":1711214517813,"pid":2705314,"hostname":"legion","msg":"GameBoy is running..."}
{"level":30,"time":1711214517813,"pid":2705314,"hostname":"legion","msg":"CPU not yet implemented"}
{"level":30,"time":1711214517813,"pid":2705314,"hostname":"legion","msg":false}
{"level":30,"time":1711214517813,"pid":2705314,"hostname":"legion","msg":"CPU not yet implemented"}
{"level":30,"time":1711214517813,"pid":2705314,"hostname":"legion","msg":"CPU Stopped"}
{"level":30,"time":1711214517792,"pid":2705308,"hostname":"legion","msg":"Expected: s10"}
{"level":30,"time":1711214517792,"pid":2705308,"hostname":"legion","msg":"Actual Calculation: -502"}
{"level":30,"time":1711214534677,"pid":2705390,"hostname":"legion","msg":"Title: TETRIS000000000"}
{"level":30,"time":1711214534678,"pid":2705390,"hostname":"legion","msg":"Manufacturer Code: \u0000\u0000\u0000\u0000"}
{"level":30,"time":1711214534678,"pid":2705390,"hostname":"legion","msg":"GameBoy is running..."}
{"level":30,"time":1711214534678,"pid":2705390,"hostname":"legion","msg":"CPU not yet implemented"}
{"level":30,"time":1711214534678,"pid":2705390,"hostname":"legion","msg":false}
{"level":30,"time":1711214534678,"pid":2705390,"hostname":"legion","msg":"CPU not yet implemented"}
{"level":30,"time":1711214534678,"pid":2705390,"hostname":"legion","msg":"CPU Stopped"}
{"level":30,"time":1711214534669,"pid":2705384,"hostname":"legion","msg":"Expected: 10"}
{"level":30,"time":1711214534669,"pid":2705384,"hostname":"legion","msg":"Actual Calculation: -502"}
{"level":30,"time":1711216071926,"pid":2709072,"hostname":"legion","msg":"Title: TETRIS000000000"}
{"level":30,"time":1711216071926,"pid":2709072,"hostname":"legion","msg":"Manufacturer Code: \u0000\u0000\u0000\u0000"}
{"level":30,"time":1711216071926,"pid":2709072,"hostname":"legion","msg":"GameBoy is running..."}
{"level":30,"time":1711216071926,"pid":2709072,"hostname":"legion","msg":"CPU not yet implemented"}
{"level":30,"time":1711216071926,"pid":2709072,"hostname":"legion","msg":false}
{"level":30,"time":1711216071926,"pid":2709072,"hostname":"legion","msg":"CPU not yet implemented"}
{"level":30,"time":1711216071926,"pid":2709072,"hostname":"legion","msg":"CPU Stopped"}
{"level":30,"time":1711216071939,"pid":2709066,"hostname":"legion","msg":"Expected: 10"}
{"level":30,"time":1711216071940,"pid":2709066,"hostname":"legion","msg":"Actual Calculation: 10"}
{"level":30,"time":1711216094123,"pid":2709196,"hostname":"legion","msg":"Title: TETRIS000000000"}
{"level":30,"time":1711216094123,"pid":2709196,"hostname":"legion","msg":"Manufacturer Code: \u0000\u0000\u0000\u0000"}
{"level":30,"time":1711216094123,"pid":2709196,"hostname":"legion","msg":"GameBoy is running..."}
{"level":30,"time":1711216094123,"pid":2709196,"hostname":"legion","msg":"CPU not yet implemented"}
{"level":30,"time":1711216094123,"pid":2709196,"hostname":"legion","msg":false}
{"level":30,"time":1711216094123,"pid":2709196,"hostname":"legion","msg":"CPU not yet implemented"}
{"level":30,"time":1711216094123,"pid":2709196,"hostname":"legion","msg":"CPU Stopped"}
{"level":30,"time":1711216094097,"pid":2709190,"hostname":"legion","msg":"Expected: 10"}
{"level":30,"time":1711216094097,"pid":2709190,"hostname":"legion","msg":"Actual Calculation: 10"}
{"level":30,"time":1711216107265,"pid":2709265,"hostname":"legion","msg":"Title: TETRIS000000000"}
{"level":30,"time":1711216107265,"pid":2709265,"hostname":"legion","msg":"Manufacturer Code: \u0000\u0000\u0000\u0000"}
{"level":30,"time":1711216107265,"pid":2709265,"hostname":"legion","msg":"GameBoy is running..."}
{"level":30,"time":1711216107265,"pid":2709265,"hostname":"legion","msg":"CPU not yet implemented"}
{"level":30,"time":1711216107265,"pid":2709265,"hostname":"legion","msg":false}
{"level":30,"time":1711216107265,"pid":2709265,"hostname":"legion","msg":"CPU not yet implemented"}
{"level":30,"time":1711216107265,"pid":2709265,"hostname":"legion","msg":"CPU Stopped"}
{"level":30,"time":1711216107241,"pid":2709259,"hostname":"legion","msg":"Expected: 10"}
{"level":30,"time":1711216107241,"pid":2709259,"hostname":"legion","msg":"Actual Calculation: 10"}
{"level":30,"time":1711216143082,"pid":2709381,"hostname":"legion","msg":"Title: TETRIS000000000"}
{"level":30,"time":1711216143082,"pid":2709381,"hostname":"legion","msg":"Manufacturer Code: \u0000\u0000\u0000\u0000"}
{"level":30,"time":1711216143082,"pid":2709381,"hostname":"legion","msg":"GameBoy is running..."}
{"level":30,"time":1711216143082,"pid":2709381,"hostname":"legion","msg":"CPU not yet implemented"}
{"level":30,"time":1711216143082,"pid":2709381,"hostname":"legion","msg":false}
{"level":30,"time":1711216143082,"pid":2709381,"hostname":"legion","msg":"CPU not yet implemented"}
{"level":30,"time":1711216143082,"pid":2709381,"hostname":"legion","msg":"CPU Stopped"}
{"level":30,"time":1711216143041,"pid":2709375,"hostname":"legion","msg":"Expected: 10"}
{"level":30,"time":1711216143042,"pid":2709375,"hostname":"legion","msg":"Actual Calculation: 10"}
{"level":30,"time":1711216144258,"pid":2709417,"hostname":"legion","msg":"Expected: 10"}
{"level":30,"time":1711216144306,"pid":2709423,"hostname":"legion","msg":"Title: TETRIS000000000"}
{"level":30,"time":1711216144258,"pid":2709417,"hostname":"legion","msg":"Actual Calculation: 10"}
{"level":30,"time":1711216144306,"pid":2709423,"hostname":"legion","msg":"Manufacturer Code: \u0000\u0000\u0000\u0000"}
{"level":30,"time":1711216144306,"pid":2709423,"hostname":"legion","msg":"GameBoy is running..."}
{"level":30,"time":1711216144306,"pid":2709423,"hostname":"legion","msg":"CPU not yet implemented"}
{"level":30,"time":1711216144307,"pid":2709423,"hostname":"legion","msg":false}
{"level":30,"time":1711216144307,"pid":2709423,"hostname":"legion","msg":"CPU not yet implemented"}
{"level":30,"time":1711216144307,"pid":2709423,"hostname":"legion","msg":"CPU Stopped"}
{"level":30,"time":1711216149770,"pid":2709470,"hostname":"legion","msg":"Title: TETRIS000000000"}
{"level":30,"time":1711216149771,"pid":2709470,"hostname":"legion","msg":"Manufacturer Code: \u0000\u0000\u0000\u0000"}
{"level":30,"time":1711216149771,"pid":2709470,"hostname":"legion","msg":"GameBoy is running..."}
{"level":30,"time":1711216149771,"pid":2709470,"hostname":"legion","msg":"CPU not yet implemented"}
{"level":30,"time":1711216149771,"pid":2709470,"hostname":"legion","msg":false}
{"level":30,"time":1711216149771,"pid":2709470,"hostname":"legion","msg":"CPU not yet implemented"}
{"level":30,"time":1711216149771,"pid":2709470,"hostname":"legion","msg":"CPU Stopped"}
{"level":30,"time":1711216149789,"pid":2709464,"hostname":"legion","msg":"Expected: 10"}
{"level":30,"time":1711216149790,"pid":2709464,"hostname":"legion","msg":"Actual Calculation: 10"}
{"level":30,"time":1711216176307,"pid":2709569,"hostname":"legion","msg":"Title: TETRIS000000000"}
{"level":30,"time":1711216176307,"pid":2709569,"hostname":"legion","msg":"Manufacturer Code: \u0000\u0000\u0000\u0000"}
{"level":30,"time":1711216176307,"pid":2709569,"hostname":"legion","msg":"GameBoy is running..."}
{"level":30,"time":1711216176308,"pid":2709569,"hostname":"legion","msg":"CPU not yet implemented"}
{"level":30,"time":1711216176308,"pid":2709569,"hostname":"legion","msg":false}
{"level":30,"time":1711216176308,"pid":2709569,"hostname":"legion","msg":"CPU not yet implemented"}
{"level":30,"time":1711216176308,"pid":2709569,"hostname":"legion","msg":"CPU Stopped"}
{"level":30,"time":1711216176283,"pid":2709563,"hostname":"legion","msg":"Expected: 10"}
{"level":30,"time":1711216176283,"pid":2709563,"hostname":"legion","msg":"Actual Calculation: 10"}
{"level":30,"time":1711216179501,"pid":2709611,"hostname":"legion","msg":"Title: TETRIS000000000"}
{"level":30,"time":1711216179501,"pid":2709611,"hostname":"legion","msg":"Manufacturer Code: \u0000\u0000\u0000\u0000"}
{"level":30,"time":1711216179501,"pid":2709611,"hostname":"legion","msg":"GameBoy is running..."}
{"level":30,"time":1711216179501,"pid":2709611,"hostname":"legion","msg":"CPU not yet implemented"}
{"level":30,"time":1711216179501,"pid":2709611,"hostname":"legion","msg":false}
{"level":30,"time":1711216179501,"pid":2709611,"hostname":"legion","msg":"CPU not yet implemented"}
{"level":30,"time":1711216179501,"pid":2709611,"hostname":"legion","msg":"CPU Stopped"}
{"level":30,"time":1711216179445,"pid":2709605,"hostname":"legion","msg":"Expected: 10"}
{"level":30,"time":1711216179445,"pid":2709605,"hostname":"legion","msg":"Actual Calculation: 10"}
{"level":30,"time":1711216184326,"pid":2709660,"hostname":"legion","msg":"Title: TETRIS000000000"}
{"level":30,"time":1711216184326,"pid":2709660,"hostname":"legion","msg":"Manufacturer Code: \u0000\u0000\u0000\u0000"}
{"level":30,"time":1711216184326,"pid":2709660,"hostname":"legion","msg":"GameBoy is running..."}
{"level":30,"time":1711216184326,"pid":2709660,"hostname":"legion","msg":"CPU not yet implemented"}
{"level":30,"time":1711216184326,"pid":2709660,"hostname":"legion","msg":false}
{"level":30,"time":1711216184326,"pid":2709660,"hostname":"legion","msg":"CPU not yet implemented"}
{"level":30,"time":1711216184326,"pid":2709660,"hostname":"legion","msg":"CPU Stopped"}
{"level":30,"time":1711216184578,"pid":2709654,"hostname":"legion","msg":"Expected: 10"}
{"level":30,"time":1711216184578,"pid":2709654,"hostname":"legion","msg":"Actual Calculation: 10"}
{"level":30,"time":1711216210287,"pid":2710071,"hostname":"legion","msg":"Expected: 10"}
{"level":30,"time":1711216210287,"pid":2710071,"hostname":"legion","msg":"Actual Calculation: 10"}
{"level":30,"time":1711216210377,"pid":2710077,"hostname":"legion","msg":"Title: TETRIS000000000"}
{"level":30,"time":1711216210378,"pid":2710077,"hostname":"legion","msg":"Manufacturer Code: \u0000\u0000\u0000\u0000"}
{"level":30,"time":1711216210378,"pid":2710077,"hostname":"legion","msg":"GameBoy is running..."}
{"level":30,"time":1711216210378,"pid":2710077,"hostname":"legion","msg":"CPU not yet implemented"}
{"level":30,"time":1711216210378,"pid":2710077,"hostname":"legion","msg":false}
{"level":30,"time":1711216210378,"pid":2710077,"hostname":"legion","msg":"CPU not yet implemented"}
{"level":30,"time":1711216210378,"pid":2710077,"hostname":"legion","msg":"CPU Stopped"}
{"level":30,"time":1711216219840,"pid":2710150,"hostname":"legion","msg":"Title: TETRIS000000000"}
{"level":30,"time":1711216219840,"pid":2710150,"hostname":"legion","msg":"Manufacturer Code: \u0000\u0000\u0000\u0000"}
{"level":30,"time":1711216219840,"pid":2710150,"hostname":"legion","msg":"GameBoy is running..."}
{"level":30,"time":1711216219840,"pid":2710150,"hostname":"legion","msg":"CPU not yet implemented"}
{"level":30,"time":1711216219840,"pid":2710150,"hostname":"legion","msg":false}
{"level":30,"time":1711216219840,"pid":2710150,"hostname":"legion","msg":"CPU not yet implemented"}
{"level":30,"time":1711216219840,"pid":2710150,"hostname":"legion","msg":"CPU Stopped"}
{"level":30,"time":1711216219813,"pid":2710144,"hostname":"legion","msg":"Expected: 10"}
{"level":30,"time":1711216219814,"pid":2710144,"hostname":"legion","msg":"Actual Calculation: 10"}
{"level":30,"time":1711216275421,"pid":2710347,"hostname":"legion","msg":"Title: TETRIS000000000"}
{"level":30,"time":1711216275421,"pid":2710347,"hostname":"legion","msg":"Manufacturer Code: \u0000\u0000\u0000\u0000"}
{"level":30,"time":1711216275421,"pid":2710347,"hostname":"legion","msg":"GameBoy is running..."}
{"level":30,"time":1711216275421,"pid":2710347,"hostname":"legion","msg":"CPU not yet implemented"}
{"level":30,"time":1711216275421,"pid":2710347,"hostname":"legion","msg":false}
{"level":30,"time":1711216275421,"pid":2710347,"hostname":"legion","msg":"CPU not yet implemented"}
{"level":30,"time":1711216275421,"pid":2710347,"hostname":"legion","msg":"CPU Stopped"}
{"level":30,"time":1711216275388,"pid":2710341,"hostname":"legion","msg":"Expected: 10"}
{"level":30,"time":1711216275388,"pid":2710341,"hostname":"legion","msg":"Actual Calculation: 10"}
{"level":30,"time":1711216368304,"pid":2710582,"hostname":"legion","msg":"Title: TETRIS000000000"}
{"level":30,"time":1711216368304,"pid":2710582,"hostname":"legion","msg":"Manufacturer Code: \u0000\u0000\u0000\u0000"}
{"level":30,"time":1711216368304,"pid":2710582,"hostname":"legion","msg":"GameBoy is running..."}
{"level":30,"time":1711216368304,"pid":2710582,"hostname":"legion","msg":"CPU not yet implemented"}
{"level":30,"time":1711216368304,"pid":2710582,"hostname":"legion","msg":false}
{"level":30,"time":1711216368304,"pid":2710582,"hostname":"legion","msg":"CPU not yet implemented"}
{"level":30,"time":1711216368304,"pid":2710582,"hostname":"legion","msg":"CPU Stopped"}
{"level":30,"time":1711216368271,"pid":2710576,"hostname":"legion","msg":"Expected: 10"}
{"level":30,"time":1711216368271,"pid":2710576,"hostname":"legion","msg":"Actual Calculation: 10"}
{"level":30,"time":1711216403858,"pid":2710725,"hostname":"legion","msg":"Title: TETRIS000000000"}
{"level":30,"time":1711216403858,"pid":2710725,"hostname":"legion","msg":"Manufacturer Code: \u0000\u0000\u0000\u0000"}
{"level":30,"time":1711216403858,"pid":2710725,"hostname":"legion","msg":"GameBoy is running..."}
{"level":30,"time":1711216403858,"pid":2710725,"hostname":"legion","msg":"CPU not yet implemented"}
{"level":30,"time":1711216403858,"pid":2710725,"hostname":"legion","msg":false}
{"level":30,"time":1711216403858,"pid":2710725,"hostname":"legion","msg":"CPU not yet implemented"}
{"level":30,"time":1711216403858,"pid":2710725,"hostname":"legion","msg":"CPU Stopped"}
{"level":30,"time":1711216403816,"pid":2710719,"hostname":"legion","msg":"Expected: 10"}
{"level":30,"time":1711216403816,"pid":2710719,"hostname":"legion","msg":"Actual Calculation: 10"}
{"level":30,"time":1711216413248,"pid":2710786,"hostname":"legion","msg":"Title: TETRIS000000000"}
{"level":30,"time":1711216413249,"pid":2710786,"hostname":"legion","msg":"Manufacturer Code: \u0000\u0000\u0000\u0000"}
{"level":30,"time":1711216413249,"pid":2710786,"hostname":"legion","msg":"GameBoy is running..."}
{"level":30,"time":1711216413249,"pid":2710786,"hostname":"legion","msg":"CPU not yet implemented"}
{"level":30,"time":1711216413249,"pid":2710786,"hostname":"legion","msg":false}
{"level":30,"time":1711216413249,"pid":2710786,"hostname":"legion","msg":"CPU not yet implemented"}
{"level":30,"time":1711216413249,"pid":2710786,"hostname":"legion","msg":"CPU Stopped"}
{"level":30,"time":1711216413514,"pid":2710780,"hostname":"legion","msg":"Expected: 10"}
{"level":30,"time":1711216413514,"pid":2710780,"hostname":"legion","msg":"Actual Calculation: 10"}
{"level":30,"time":1711216426195,"pid":2710846,"hostname":"legion","msg":"Title: TETRIS000000000"}
{"level":30,"time":1711216426195,"pid":2710846,"hostname":"legion","msg":"Manufacturer Code: \u0000\u0000\u0000\u0000"}
{"level":30,"time":1711216426195,"pid":2710846,"hostname":"legion","msg":"GameBoy is running..."}
{"level":30,"time":1711216426195,"pid":2710846,"hostname":"legion","msg":"CPU not yet implemented"}
{"level":30,"time":1711216426195,"pid":2710846,"hostname":"legion","msg":false}
{"level":30,"time":1711216426196,"pid":2710846,"hostname":"legion","msg":"CPU not yet implemented"}
{"level":30,"time":1711216426196,"pid":2710846,"hostname":"legion","msg":"CPU Stopped"}
{"level":30,"time":1711216426186,"pid":2710845,"hostname":"legion","msg":"Expected: 10"}
{"level":30,"time":1711216426187,"pid":2710845,"hostname":"legion","msg":"Actual Calculation: 10"}
{"level":30,"time":1711216428060,"pid":2710894,"hostname":"legion","msg":"Title: TETRIS000000000"}
{"level":30,"time":1711216428060,"pid":2710894,"hostname":"legion","msg":"Manufacturer Code: \u0000\u0000\u0000\u0000"}
{"level":30,"time":1711216428060,"pid":2710894,"hostname":"legion","msg":"GameBoy is running..."}
{"level":30,"time":1711216428060,"pid":2710894,"hostname":"legion","msg":"CPU not yet implemented"}
{"level":30,"time":1711216428060,"pid":2710894,"hostname":"legion","msg":false}
{"level":30,"time":1711216428060,"pid":2710894,"hostname":"legion","msg":"CPU not yet implemented"}
{"level":30,"time":1711216428060,"pid":2710894,"hostname":"legion","msg":"CPU Stopped"}
{"level":30,"time":1711216428047,"pid":2710888,"hostname":"legion","msg":"Expected: 10"}
{"level":30,"time":1711216428047,"pid":2710888,"hostname":"legion","msg":"Actual Calculation: 10"}
{"level":30,"time":1711216451354,"pid":2711032,"hostname":"legion","msg":"Title: TETRIS000000000"}
{"level":30,"time":1711216451354,"pid":2711032,"hostname":"legion","msg":"Manufacturer Code: \u0000\u0000\u0000\u0000"}
{"level":30,"time":1711216451354,"pid":2711032,"hostname":"legion","msg":"GameBoy is running..."}
{"level":30,"time":1711216451354,"pid":2711032,"hostname":"legion","msg":"CPU not yet implemented"}
{"level":30,"time":1711216451354,"pid":2711032,"hostname":"legion","msg":false}
{"level":30,"time":1711216451354,"pid":2711032,"hostname":"legion","msg":"CPU not yet implemented"}
{"level":30,"time":1711216451354,"pid":2711032,"hostname":"legion","msg":"CPU Stopped"}
{"level":30,"time":1711216451331,"pid":2711026,"hostname":"legion","msg":"Expected: 10"}
{"level":30,"time":1711216451331,"pid":2711026,"hostname":"legion","msg":"Actual Calculation: 10"}
{"level":30,"time":1711216458134,"pid":2711083,"hostname":"legion","msg":"Title: TETRIS000000000"}
{"level":30,"time":1711216458134,"pid":2711083,"hostname":"legion","msg":"Manufacturer Code: \u0000\u0000\u0000\u0000"}
{"level":30,"time":1711216458134,"pid":2711083,"hostname":"legion","msg":"GameBoy is running..."}
{"level":30,"time":1711216458135,"pid":2711083,"hostname":"legion","msg":"CPU not yet implemented"}
{"level":30,"time":1711216458135,"pid":2711083,"hostname":"legion","msg":false}
{"level":30,"time":1711216458135,"pid":2711083,"hostname":"legion","msg":"CPU not yet implemented"}
{"level":30,"time":1711216458135,"pid":2711083,"hostname":"legion","msg":"CPU Stopped"}
{"level":30,"time":1711216458140,"pid":2711077,"hostname":"legion","msg":"Expected: 10"}
{"level":30,"time":1711216458140,"pid":2711077,"hostname":"legion","msg":"Actual Calculation: 10"}
{"level":30,"time":1711217610808,"pid":2713878,"hostname":"legion","msg":"Title: TETRIS000000000"}
{"level":30,"time":1711217610808,"pid":2713878,"hostname":"legion","msg":"Manufacturer Code: \u0000\u0000\u0000\u0000"}
{"level":30,"time":1711217610808,"pid":2713878,"hostname":"legion","msg":"GameBoy is running..."}
{"level":30,"time":1711217610808,"pid":2713878,"hostname":"legion","msg":"CPU not yet implemented"}
{"level":30,"time":1711217610808,"pid":2713878,"hostname":"legion","msg":false}
{"level":30,"time":1711217610808,"pid":2713878,"hostname":"legion","msg":"CPU not yet implemented"}
{"level":30,"time":1711217610808,"pid":2713878,"hostname":"legion","msg":"CPU Stopped"}
{"level":30,"time":1711217610830,"pid":2713872,"hostname":"legion","msg":"Expected: 10"}
{"level":30,"time":1711217610830,"pid":2713872,"hostname":"legion","msg":"Actual Calculation: 10"}
{"level":30,"time":1711217638890,"pid":2713980,"hostname":"legion","msg":"Title: TETRIS000000000"}
{"level":30,"time":1711217638891,"pid":2713980,"hostname":"legion","msg":"Manufacturer Code: \u0000\u0000\u0000\u0000"}
{"level":30,"time":1711217638891,"pid":2713980,"hostname":"legion","msg":"GameBoy is running..."}
{"level":30,"time":1711217638891,"pid":2713980,"hostname":"legion","msg":"CPU not yet implemented"}
{"level":30,"time":1711217638891,"pid":2713980,"hostname":"legion","msg":false}
{"level":30,"time":1711217638891,"pid":2713980,"hostname":"legion","msg":"CPU not yet implemented"}
{"level":30,"time":1711217638891,"pid":2713980,"hostname":"legion","msg":"CPU Stopped"}
{"level":30,"time":1711217638873,"pid":2713974,"hostname":"legion","msg":"Expected: 10 | Actual Calculation: 10"}
{"level":30,"time":1711217654576,"pid":2714052,"hostname":"legion","msg":"Expected: 10 | Actual Calculation: 10 | Passed: true"}
{"level":30,"time":1711217654648,"pid":2714058,"hostname":"legion","msg":"Title: TETRIS000000000"}
{"level":30,"time":1711217654648,"pid":2714058,"hostname":"legion","msg":"Manufacturer Code: \u0000\u0000\u0000\u0000"}
{"level":30,"time":1711217654648,"pid":2714058,"hostname":"legion","msg":"GameBoy is running..."}
{"level":30,"time":1711217654648,"pid":2714058,"hostname":"legion","msg":"CPU not yet implemented"}
{"level":30,"time":1711217654648,"pid":2714058,"hostname":"legion","msg":false}
{"level":30,"time":1711217654648,"pid":2714058,"hostname":"legion","msg":"CPU not yet implemented"}
{"level":30,"time":1711217654648,"pid":2714058,"hostname":"legion","msg":"CPU Stopped"}
{"level":30,"time":1711217658744,"pid":2714098,"hostname":"legion","msg":"Expected: 10 | Actual Calculation: 10 | Passed: true"}
{"level":30,"time":1711217658798,"pid":2714104,"hostname":"legion","msg":"Title: TETRIS000000000"}
{"level":30,"time":1711217658798,"pid":2714104,"hostname":"legion","msg":"Manufacturer Code: \u0000\u0000\u0000\u0000"}
{"level":30,"time":1711217658798,"pid":2714104,"hostname":"legion","msg":"GameBoy is running..."}
{"level":30,"time":1711217658799,"pid":2714104,"hostname":"legion","msg":"CPU not yet implemented"}
{"level":30,"time":1711217658799,"pid":2714104,"hostname":"legion","msg":false}
{"level":30,"time":1711217658799,"pid":2714104,"hostname":"legion","msg":"CPU not yet implemented"}
{"level":30,"time":1711217658799,"pid":2714104,"hostname":"legion","msg":"CPU Stopped"}
{"level":30,"time":1711217700430,"pid":2714229,"hostname":"legion","msg":"Title: TETRIS000000000"}
{"level":30,"time":1711217700430,"pid":2714229,"hostname":"legion","msg":"Manufacturer Code: \u0000\u0000\u0000\u0000"}
{"level":30,"time":1711217700430,"pid":2714229,"hostname":"legion","msg":"GameBoy is running..."}
{"level":30,"time":1711217700430,"pid":2714229,"hostname":"legion","msg":"CPU not yet implemented"}
{"level":30,"time":1711217700430,"pid":2714229,"hostname":"legion","msg":false}
{"level":30,"time":1711217700430,"pid":2714229,"hostname":"legion","msg":"CPU not yet implemented"}
{"level":30,"time":1711217700430,"pid":2714229,"hostname":"legion","msg":"CPU Stopped"}
{"level":30,"time":1711217700396,"pid":2714223,"hostname":"legion","msg":"Expected: 10 | Actual Calculation: 10 | Passed: true"}
{"level":30,"time":1711217707823,"pid":2714282,"hostname":"legion","msg":"Title: TETRIS000000000"}
{"level":30,"time":1711217707823,"pid":2714282,"hostname":"legion","msg":"Manufacturer Code: \u0000\u0000\u0000\u0000"}
{"level":30,"time":1711217707823,"pid":2714282,"hostname":"legion","msg":"GameBoy is running..."}
{"level":30,"time":1711217707823,"pid":2714282,"hostname":"legion","msg":"CPU not yet implemented"}
{"level":30,"time":1711217707823,"pid":2714282,"hostname":"legion","msg":false}
{"level":30,"time":1711217707823,"pid":2714282,"hostname":"legion","msg":"CPU not yet implemented"}
{"level":30,"time":1711217707823,"pid":2714282,"hostname":"legion","msg":"CPU Stopped"}
{"level":30,"time":1711217707837,"pid":2714276,"hostname":"legion","msg":"Expected: 10 | Actual Calculation: 10 | Passed: true"}
{"level":30,"time":1711217710777,"pid":2714332,"hostname":"legion","msg":"Title: TETRIS000000000"}
{"level":30,"time":1711217710777,"pid":2714332,"hostname":"legion","msg":"Manufacturer Code: \u0000\u0000\u0000\u0000"}
{"level":30,"time":1711217710777,"pid":2714332,"hostname":"legion","msg":"GameBoy is running..."}
{"level":30,"time":1711217710777,"pid":2714332,"hostname":"legion","msg":"CPU not yet implemented"}
{"level":30,"time":1711217710777,"pid":2714332,"hostname":"legion","msg":false}
{"level":30,"time":1711217710777,"pid":2714332,"hostname":"legion","msg":"CPU not yet implemented"}
{"level":30,"time":1711217710777,"pid":2714332,"hostname":"legion","msg":"CPU Stopped"}
{"level":30,"time":1711217710729,"pid":2714326,"hostname":"legion","msg":"Expected: 10 | Actual Calculation: 10 | Passed: true"}
{"level":30,"time":1711217720042,"pid":2714386,"hostname":"legion","msg":"Title: TETRIS000000000"}
{"level":30,"time":1711217720043,"pid":2714386,"hostname":"legion","msg":"Manufacturer Code: \u0000\u0000\u0000\u0000"}
{"level":30,"time":1711217720043,"pid":2714386,"hostname":"legion","msg":"GameBoy is running..."}
{"level":30,"time":1711217720043,"pid":2714386,"hostname":"legion","msg":"CPU not yet implemented"}
{"level":30,"time":1711217720043,"pid":2714386,"hostname":"legion","msg":false}
{"level":30,"time":1711217720043,"pid":2714386,"hostname":"legion","msg":"CPU not yet implemented"}
{"level":30,"time":1711217720043,"pid":2714386,"hostname":"legion","msg":"CPU Stopped"}
{"level":30,"time":1711217720030,"pid":2714380,"hostname":"legion","msg":"Expected: 10 | Actual Calculation: 10 | Passed: true"}
{"level":30,"time":1711217800514,"pid":2714644,"hostname":"legion","msg":"Title: TETRIS000000000"}
{"level":30,"time":1711217800514,"pid":2714644,"hostname":"legion","msg":"Manufacturer Code: \u0000\u0000\u0000\u0000"}
{"level":30,"time":1711217800514,"pid":2714644,"hostname":"legion","msg":"GameBoy is running..."}
{"level":30,"time":1711217800515,"pid":2714644,"hostname":"legion","msg":"CPU not yet implemented"}
{"level":30,"time":1711217800515,"pid":2714644,"hostname":"legion","msg":false}
{"level":30,"time":1711217800515,"pid":2714644,"hostname":"legion","msg":"CPU not yet implemented"}
{"level":30,"time":1711217800515,"pid":2714644,"hostname":"legion","msg":"CPU Stopped"}
{"level":30,"time":1711217800495,"pid":2714638,"hostname":"legion","msg":"Expected: 10 | Actual Calculation: 10 | Passed: true"}
{"level":30,"time":1711217800496,"pid":2714638,"hostname":"legion","msg":"Licensee Code: 00"}
{"level":30,"time":1711217800496,"pid":2714638,"hostname":"legion","msg":"Licensee Code: 00"}
{"level":30,"time":1711217837653,"pid":2714764,"hostname":"legion","msg":"Title: TETRIS000000000"}
{"level":30,"time":1711217837653,"pid":2714764,"hostname":"legion","msg":"Manufacturer Code: \u0000\u0000\u0000\u0000"}
{"level":30,"time":1711217837653,"pid":2714764,"hostname":"legion","msg":"GameBoy is running..."}
{"level":30,"time":1711217837653,"pid":2714764,"hostname":"legion","msg":"CPU not yet implemented"}
{"level":30,"time":1711217837653,"pid":2714764,"hostname":"legion","msg":false}
{"level":30,"time":1711217837653,"pid":2714764,"hostname":"legion","msg":"CPU not yet implemented"}
{"level":30,"time":1711217837653,"pid":2714764,"hostname":"legion","msg":"CPU Stopped"}
{"level":30,"time":1711217837636,"pid":2714758,"hostname":"legion","msg":"Expected: 10 | Actual Calculation: 10 | Passed: true"}
{"level":30,"time":1711217837637,"pid":2714758,"hostname":"legion","msg":"Licensee Code: 00"}
{"level":30,"time":1711217837637,"pid":2714758,"hostname":"legion","msg":"Licensee Code: 00"}
{"level":30,"time":1711217855801,"pid":2714840,"hostname":"legion","msg":"Title: TETRIS000000000"}
{"level":30,"time":1711217855801,"pid":2714840,"hostname":"legion","msg":"Manufacturer Code: \u0000\u0000\u0000\u0000"}
{"level":30,"time":1711217855801,"pid":2714840,"hostname":"legion","msg":"GameBoy is running..."}
{"level":30,"time":1711217855801,"pid":2714840,"hostname":"legion","msg":"CPU not yet implemented"}
{"level":30,"time":1711217855801,"pid":2714840,"hostname":"legion","msg":false}
{"level":30,"time":1711217855801,"pid":2714840,"hostname":"legion","msg":"CPU not yet implemented"}
{"level":30,"time":1711217855801,"pid":2714840,"hostname":"legion","msg":"CPU Stopped"}
{"level":30,"time":1711217855814,"pid":2714834,"hostname":"legion","msg":"Expected: 10 | Actual Calculation: 10 | Passed: true"}
{"level":30,"time":1711217855815,"pid":2714834,"hostname":"legion","msg":"Licensee Code: 00"}
{"level":30,"time":1711217855815,"pid":2714834,"hostname":"legion","msg":"Licensee Code: \u0000\u0000"}
{"level":30,"time":1711217855815,"pid":2714834,"hostname":"legion","msg":"Licensee Code: 00"}
{"level":30,"time":1711217855815,"pid":2714834,"hostname":"legion","msg":"Licensee Code: \u0000\u0000"}
{"level":30,"time":1711217927766,"pid":2715073,"hostname":"legion","msg":"Title: TETRIS000000000"}
{"level":30,"time":1711217927766,"pid":2715073,"hostname":"legion","msg":"Manufacturer Code: \u0000\u0000\u0000\u0000"}
{"level":30,"time":1711217927766,"pid":2715073,"hostname":"legion","msg":"GameBoy is running..."}
{"level":30,"time":1711217927766,"pid":2715073,"hostname":"legion","msg":"CPU not yet implemented"}
{"level":30,"time":1711217927766,"pid":2715073,"hostname":"legion","msg":false}
{"level":30,"time":1711217927766,"pid":2715073,"hostname":"legion","msg":"CPU not yet implemented"}
{"level":30,"time":1711217927766,"pid":2715073,"hostname":"legion","msg":"CPU Stopped"}
{"level":30,"time":1711217927738,"pid":2715067,"hostname":"legion","msg":"Expected: 10 | Actual Calculation: 10 | Passed: true "}
{"level":30,"time":1711217927739,"pid":2715067,"hostname":"legion","msg":"Licensee Code: 00"}
{"level":30,"time":1711217927739,"pid":2715067,"hostname":"legion","msg":"Licensee Code: \u0000\u0000"}
{"level":30,"time":1711217927739,"pid":2715067,"hostname":"legion","msg":"Licensee Code: 00"}
{"level":30,"time":1711217927739,"pid":2715067,"hostname":"legion","msg":"Licensee Code: \u0000\u0000"}
{"level":30,"time":1711217938534,"pid":2715127,"hostname":"legion","msg":"Title: TETRIS000000000"}
{"level":30,"time":1711217938535,"pid":2715127,"hostname":"legion","msg":"Manufacturer Code: \u0000\u0000\u0000\u0000"}
{"level":30,"time":1711217938535,"pid":2715127,"hostname":"legion","msg":"GameBoy is running..."}
{"level":30,"time":1711217938535,"pid":2715127,"hostname":"legion","msg":"CPU not yet implemented"}
{"level":30,"time":1711217938535,"pid":2715127,"hostname":"legion","msg":false}
{"level":30,"time":1711217938535,"pid":2715127,"hostname":"legion","msg":"CPU not yet implemented"}
{"level":30,"time":1711217938535,"pid":2715127,"hostname":"legion","msg":"CPU Stopped"}
{"level":30,"time":1711217938521,"pid":2715126,"hostname":"legion","msg":"Expected: 10 | Actual Calculation: 10 | Passed: true "}
{"level":30,"time":1711217938521,"pid":2715126,"hostname":"legion","msg":"Licensee Code: 00"}
{"level":30,"time":1711217938521,"pid":2715126,"hostname":"legion","msg":"Licensee Code: \u0000\u0000"}
{"level":30,"time":1711217938522,"pid":2715126,"hostname":"legion","msg":"Licensee Code: 00"}
{"level":30,"time":1711217938522,"pid":2715126,"hostname":"legion","msg":"Licensee Code: \u0000\u0000"}
{"level":30,"time":1711217942201,"pid":2715180,"hostname":"legion","msg":"Title: TETRIS000000000"}
{"level":30,"time":1711217942201,"pid":2715180,"hostname":"legion","msg":"Manufacturer Code: \u0000\u0000\u0000\u0000"}
{"level":30,"time":1711217942201,"pid":2715180,"hostname":"legion","msg":"GameBoy is running..."}
{"level":30,"time":1711217942201,"pid":2715180,"hostname":"legion","msg":"CPU not yet implemented"}
{"level":30,"time":1711217942201,"pid":2715180,"hostname":"legion","msg":false}
{"level":30,"time":1711217942201,"pid":2715180,"hostname":"legion","msg":"CPU not yet implemented"}
{"level":30,"time":1711217942201,"pid":2715180,"hostname":"legion","msg":"CPU Stopped"}
{"level":30,"time":1711217942182,"pid":2715174,"hostname":"legion","msg":"Expected: 10 | Actual Calculation: 10 | Passed: true "}
{"level":30,"time":1711217942182,"pid":2715174,"hostname":"legion","msg":"Licensee Code: 00"}
{"level":30,"time":1711217942182,"pid":2715174,"hostname":"legion","msg":"Licensee Code: \u0000\u0000"}
{"level":30,"time":1711217942182,"pid":2715174,"hostname":"legion","msg":"Licensee Code: 00"}
{"level":30,"time":1711217942182,"pid":2715174,"hostname":"legion","msg":"Licensee Code: \u0000\u0000"}
{"level":30,"time":1711218006406,"pid":2715367,"hostname":"legion","msg":"Title: TETRIS000000000"}
{"level":30,"time":1711218006406,"pid":2715367,"hostname":"legion","msg":"Manufacturer Code: \u0000\u0000\u0000\u0000"}
{"level":30,"time":1711218006407,"pid":2715367,"hostname":"legion","msg":"GameBoy is running..."}
{"level":30,"time":1711218006407,"pid":2715367,"hostname":"legion","msg":"CPU not yet implemented"}
{"level":30,"time":1711218006407,"pid":2715367,"hostname":"legion","msg":false}
{"level":30,"time":1711218006407,"pid":2715367,"hostname":"legion","msg":"CPU not yet implemented"}
{"level":30,"time":1711218006407,"pid":2715367,"hostname":"legion","msg":"CPU Stopped"}
{"level":30,"time":1711218006383,"pid":2715361,"hostname":"legion","msg":"Expected: 10 | Actual Calculation: 10 | Passed: true "}
{"level":30,"time":1711218006384,"pid":2715361,"hostname":"legion","msg":"Licensee Code: 00"}
{"level":30,"time":1711218006384,"pid":2715361,"hostname":"legion","msg":"Licensee Code: \u0000\u0000"}
{"level":30,"time":1711218006384,"pid":2715361,"hostname":"legion","msg":"Licensee Code: 00"}
{"level":30,"time":1711218006384,"pid":2715361,"hostname":"legion","msg":"Licensee Code: \u0000\u0000"}
{"level":30,"time":1711218075945,"pid":2715710,"hostname":"legion","msg":"Title: TETRIS000000000"}
{"level":30,"time":1711218075945,"pid":2715710,"hostname":"legion","msg":"Manufacturer Code: \u0000\u0000\u0000\u0000"}
{"level":30,"time":1711218075945,"pid":2715710,"hostname":"legion","msg":"GameBoy is running..."}
{"level":30,"time":1711218075946,"pid":2715710,"hostname":"legion","msg":"CPU not yet implemented"}
{"level":30,"time":1711218075946,"pid":2715710,"hostname":"legion","msg":false}
{"level":30,"time":1711218075946,"pid":2715710,"hostname":"legion","msg":"CPU not yet implemented"}
{"level":30,"time":1711218075946,"pid":2715710,"hostname":"legion","msg":"CPU Stopped"}
{"level":30,"time":1711218075914,"pid":2715704,"hostname":"legion","msg":"Expected: 10 | Actual Calculation: 10 | Passed: true "}
{"level":30,"time":1711218075915,"pid":2715704,"hostname":"legion","msg":"Licensee Code: 00"}
{"level":30,"time":1711218075915,"pid":2715704,"hostname":"legion","msg":"Licensee Code: \u0000\u0000"}
{"level":30,"time":1711218075915,"pid":2715704,"hostname":"legion","msg":"Licensee Code: 00"}
{"level":30,"time":1711218075915,"pid":2715704,"hostname":"legion","msg":"Licensee Code: \u0000\u0000"}
{"level":30,"time":1711218225501,"pid":2716191,"hostname":"legion","msg":"Title: TETRIS000000000"}
{"level":30,"time":1711218225501,"pid":2716191,"hostname":"legion","msg":"Manufacturer Code: \u0000\u0000\u0000\u0000"}
{"level":30,"time":1711218225501,"pid":2716191,"hostname":"legion","msg":"GameBoy is running..."}
{"level":30,"time":1711218225501,"pid":2716191,"hostname":"legion","msg":"CPU not yet implemented"}
{"level":30,"time":1711218225501,"pid":2716191,"hostname":"legion","msg":false}
{"level":30,"time":1711218225501,"pid":2716191,"hostname":"legion","msg":"CPU not yet implemented"}
{"level":30,"time":1711218225501,"pid":2716191,"hostname":"legion","msg":"CPU Stopped"}
{"level":30,"time":1711218225491,"pid":2716185,"hostname":"legion","msg":"Expected: 10 | Actual Calculation: 10 | Passed: true "}
{"level":30,"time":1711218225492,"pid":2716185,"hostname":"legion","msg":"Licensee Code: 00"}
{"level":30,"time":1711218225492,"pid":2716185,"hostname":"legion","msg":"Licensee Code: \u0000\u0000"}
{"level":30,"time":1711218225492,"pid":2716185,"hostname":"legion","msg":"Licensee Code: 00"}
{"level":30,"time":1711218225492,"pid":2716185,"hostname":"legion","msg":"Licensee Code: \u0000\u0000"}
{"level":30,"time":1711218389919,"pid":2716688,"hostname":"legion","msg":"Title: TETRIS000000000"}
{"level":30,"time":1711218389920,"pid":2716688,"hostname":"legion","msg":"Manufacturer Code: \u0000\u0000\u0000\u0000"}
{"level":30,"time":1711218389920,"pid":2716688,"hostname":"legion","msg":"GameBoy is running..."}
{"level":30,"time":1711218389920,"pid":2716688,"hostname":"legion","msg":"CPU not yet implemented"}
{"level":30,"time":1711218389920,"pid":2716688,"hostname":"legion","msg":false}
{"level":30,"time":1711218389920,"pid":2716688,"hostname":"legion","msg":"CPU not yet implemented"}
{"level":30,"time":1711218389920,"pid":2716688,"hostname":"legion","msg":"CPU Stopped"}
{"level":30,"time":1711218389887,"pid":2716682,"hostname":"legion","msg":"Expected: 10 | Actual Calculation: 10 | Passed: true "}
{"level":30,"time":1711218400584,"pid":2716760,"hostname":"legion","msg":"Title: TETRIS000000000"}
{"level":30,"time":1711218400584,"pid":2716760,"hostname":"legion","msg":"Manufacturer Code: \u0000\u0000\u0000\u0000"}
{"level":30,"time":1711218400584,"pid":2716760,"hostname":"legion","msg":"GameBoy is running..."}
{"level":30,"time":1711218400584,"pid":2716760,"hostname":"legion","msg":"CPU not yet implemented"}
{"level":30,"time":1711218400584,"pid":2716760,"hostname":"legion","msg":false}
{"level":30,"time":1711218400584,"pid":2716760,"hostname":"legion","msg":"CPU not yet implemented"}
{"level":30,"time":1711218400584,"pid":2716760,"hostname":"legion","msg":"CPU Stopped"}
{"level":30,"time":1711218400834,"pid":2716754,"hostname":"legion","msg":"Expected: 10 | Actual Calculation: 10 | Passed: true "}
{"level":30,"time":1711218960515,"pid":2718300,"hostname":"legion","msg":"Title: TETRIS000000000"}
{"level":30,"time":1711218960498,"pid":2718294,"hostname":"legion","msg":"Expected: 10 | Actual Calculation: 10 | Passed: true "}
{"level":30,"time":1711218960515,"pid":2718300,"hostname":"legion","msg":"Manufacturer Code: \u0000\u0000\u0000\u0000"}
{"level":30,"time":1711218960515,"pid":2718300,"hostname":"legion","msg":"GameBoy is running..."}
{"level":30,"time":1711218960515,"pid":2718300,"hostname":"legion","msg":"CPU not yet implemented"}
{"level":30,"time":1711218960515,"pid":2718300,"hostname":"legion","msg":false}
{"level":30,"time":1711218960515,"pid":2718300,"hostname":"legion","msg":"CPU not yet implemented"}
{"level":30,"time":1711218960515,"pid":2718300,"hostname":"legion","msg":"CPU Stopped"}
{"level":30,"time":1711218982890,"pid":2718465,"hostname":"legion","msg":"Title: TETRIS000000000"}
{"level":30,"time":1711218982890,"pid":2718465,"hostname":"legion","msg":"Manufacturer Code: \u0000\u0000\u0000\u0000"}
{"level":30,"time":1711218982890,"pid":2718465,"hostname":"legion","msg":"GameBoy is running..."}
{"level":30,"time":1711218982890,"pid":2718465,"hostname":"legion","msg":"CPU not yet implemented"}
{"level":30,"time":1711218982890,"pid":2718465,"hostname":"legion","msg":false}
{"level":30,"time":1711218982890,"pid":2718465,"hostname":"legion","msg":"CPU not yet implemented"}
{"level":30,"time":1711218982890,"pid":2718465,"hostname":"legion","msg":"CPU Stopped"}
{"level":30,"time":1711218982904,"pid":2718459,"hostname":"legion","msg":"Expected: 10 | Actual Calculation: 10 | Passed: true "}
{"level":30,"time":1711218986977,"pid":2718508,"hostname":"legion","msg":"Title: TETRIS000000000"}
{"level":30,"time":1711218986977,"pid":2718508,"hostname":"legion","msg":"Manufacturer Code: \u0000\u0000\u0000\u0000"}
{"level":30,"time":1711218986977,"pid":2718508,"hostname":"legion","msg":"GameBoy is running..."}
{"level":30,"time":1711218986977,"pid":2718508,"hostname":"legion","msg":"CPU not yet implemented"}
{"level":30,"time":1711218986977,"pid":2718508,"hostname":"legion","msg":false}
{"level":30,"time":1711218986977,"pid":2718508,"hostname":"legion","msg":"CPU not yet implemented"}
{"level":30,"time":1711218986977,"pid":2718508,"hostname":"legion","msg":"CPU Stopped"}
{"level":30,"time":1711218986988,"pid":2718501,"hostname":"legion","msg":"Expected: 10 | Actual Calculation: 10 | Passed: true "}
{"level":30,"time":1711218987818,"pid":2718550,"hostname":"legion","msg":"Title: TETRIS000000000"}
{"level":30,"time":1711218987811,"pid":2718544,"hostname":"legion","msg":"Expected: 10 | Actual Calculation: 10 | Passed: true "}
{"level":30,"time":1711218987818,"pid":2718550,"hostname":"legion","msg":"Manufacturer Code: \u0000\u0000\u0000\u0000"}
{"level":30,"time":1711218987818,"pid":2718550,"hostname":"legion","msg":"GameBoy is running..."}
{"level":30,"time":1711218987818,"pid":2718550,"hostname":"legion","msg":"CPU not yet implemented"}
{"level":30,"time":1711218987818,"pid":2718550,"hostname":"legion","msg":false}
{"level":30,"time":1711218987818,"pid":2718550,"hostname":"legion","msg":"CPU not yet implemented"}
{"level":30,"time":1711218987818,"pid":2718550,"hostname":"legion","msg":"CPU Stopped"}
{"level":30,"time":1711219031945,"pid":2718719,"hostname":"legion","msg":"Expected: 10 | Actual Calculation: 10 | Passed: true "}
{"level":30,"time":1711219031962,"pid":2718725,"hostname":"legion","msg":"Title: TETRIS000000000"}
{"level":30,"time":1711219031962,"pid":2718725,"hostname":"legion","msg":"Manufacturer Code: \u0000\u0000\u0000\u0000"}
{"level":30,"time":1711219031962,"pid":2718725,"hostname":"legion","msg":"GameBoy is running..."}
{"level":30,"time":1711219031962,"pid":2718725,"hostname":"legion","msg":"CPU not yet implemented"}
{"level":30,"time":1711219031962,"pid":2718725,"hostname":"legion","msg":false}
{"level":30,"time":1711219031962,"pid":2718725,"hostname":"legion","msg":"CPU not yet implemented"}
{"level":30,"time":1711219031962,"pid":2718725,"hostname":"legion","msg":"CPU Stopped"}
{"level":30,"time":1711219063351,"pid":2718879,"hostname":"legion","msg":"Title: TETRIS000000000"}
{"level":30,"time":1711219063352,"pid":2718879,"hostname":"legion","msg":"Manufacturer Code: \u0000\u0000\u0000\u0000"}
{"level":30,"time":1711219063352,"pid":2718879,"hostname":"legion","msg":"GameBoy is running..."}
{"level":30,"time":1711219063352,"pid":2718879,"hostname":"legion","msg":"CPU not yet implemented"}
{"level":30,"time":1711219063352,"pid":2718879,"hostname":"legion","msg":false}
{"level":30,"time":1711219063352,"pid":2718879,"hostname":"legion","msg":"CPU not yet implemented"}
{"level":30,"time":1711219063352,"pid":2718879,"hostname":"legion","msg":"CPU Stopped"}
{"level":30,"time":1711219063398,"pid":2718873,"hostname":"legion","msg":"Expected: 10 | Actual Calculation: 10 | Passed: true "}
{"level":30,"time":1711221724984,"pid":2725164,"hostname":"legion","msg":"Title: TETRIS000000000"}
{"level":30,"time":1711221724984,"pid":2725158,"hostname":"legion","msg":"Expected: 10 | Actual Calculation: 10 | Passed: true "}
{"level":30,"time":1711221724984,"pid":2725164,"hostname":"legion","msg":"Manufacturer Code: \u0000\u0000\u0000\u0000"}
{"level":30,"time":1711221724984,"pid":2725164,"hostname":"legion","msg":"GameBoy is running..."}
{"level":30,"time":1711221724984,"pid":2725164,"hostname":"legion","msg":"CPU not yet implemented"}
{"level":30,"time":1711221724984,"pid":2725164,"hostname":"legion","msg":false}
{"level":30,"time":1711221724984,"pid":2725164,"hostname":"legion","msg":"CPU not yet implemented"}
{"level":30,"time":1711221724984,"pid":2725164,"hostname":"legion","msg":"CPU Stopped"}
{"level":30,"time":1711221766894,"pid":2725298,"hostname":"legion","msg":"Expected: 10 | Actual Calculation: 10 | Passed: true "}
{"level":30,"time":1711221766905,"pid":2725304,"hostname":"legion","msg":"Title: TETRIS000000000"}
{"level":30,"time":1711221766906,"pid":2725304,"hostname":"legion","msg":"Manufacturer Code: \u0000\u0000\u0000\u0000"}
{"level":30,"time":1711221766906,"pid":2725304,"hostname":"legion","msg":"GameBoy is running..."}
{"level":30,"time":1711221766906,"pid":2725304,"hostname":"legion","msg":"CPU not yet implemented"}
{"level":30,"time":1711221766906,"pid":2725304,"hostname":"legion","msg":false}
{"level":30,"time":1711221766906,"pid":2725304,"hostname":"legion","msg":"CPU not yet implemented"}
{"level":30,"time":1711221766906,"pid":2725304,"hostname":"legion","msg":"CPU Stopped"}
{"level":30,"time":1711221847125,"pid":2725700,"hostname":"legion","msg":"Expected: 10 | Actual Calculation: 10 | Passed: true "}
{"level":30,"time":1711221870202,"pid":2725796,"hostname":"legion","msg":"Expected: 10 | Actual Calculation: 10 | Passed: true "}
{"level":30,"time":1711221910990,"pid":2726033,"hostname":"legion","msg":"Expected: 10 | Actual Calculation: 10 | Passed: true "}
{"level":30,"time":1711221931979,"pid":2726123,"hostname":"legion","msg":"Expected: 10 | Actual Calculation: 10 | Passed: true "}
{"level":30,"time":1711221940153,"pid":2726177,"hostname":"legion","msg":"Expected: 10 | Actual Calculation: 10 | Passed: true "}
{"level":30,"time":1711221954465,"pid":2726248,"hostname":"legion","msg":"Expected: 10 | Actual Calculation: 10 | Passed: true "}
{"level":30,"time":1711221954747,"pid":2726254,"hostname":"legion","msg":"Title: TETRIS000000000"}
{"level":30,"time":1711221954748,"pid":2726254,"hostname":"legion","msg":"Manufacturer Code: \u0000\u0000\u0000\u0000"}
{"level":30,"time":1711221954748,"pid":2726254,"hostname":"legion","msg":"GameBoy is running..."}
{"level":30,"time":1711221954748,"pid":2726254,"hostname":"legion","msg":"CPU not yet implemented"}
{"level":30,"time":1711221954748,"pid":2726254,"hostname":"legion","msg":false}
{"level":30,"time":1711221954748,"pid":2726254,"hostname":"legion","msg":"CPU not yet implemented"}
{"level":30,"time":1711221954748,"pid":2726254,"hostname":"legion","msg":"CPU Stopped"}
{"level":30,"time":1711221958406,"pid":2726297,"hostname":"legion","msg":"Expected: 10 | Actual Calculation: 10 | Passed: true "}
{"level":30,"time":1711221958667,"pid":2726298,"hostname":"legion","msg":"Title: TETRIS000000000"}
{"level":30,"time":1711221958667,"pid":2726298,"hostname":"legion","msg":"Manufacturer Code: \u0000\u0000\u0000\u0000"}
{"level":30,"time":1711221958667,"pid":2726298,"hostname":"legion","msg":"GameBoy is running..."}
{"level":30,"time":1711221958668,"pid":2726298,"hostname":"legion","msg":"CPU not yet implemented"}
{"level":30,"time":1711221958668,"pid":2726298,"hostname":"legion","msg":false}
{"level":30,"time":1711221958668,"pid":2726298,"hostname":"legion","msg":"CPU not yet implemented"}
{"level":30,"time":1711221958668,"pid":2726298,"hostname":"legion","msg":"CPU Stopped"}
{"level":30,"time":1711221997783,"pid":2726565,"hostname":"legion","msg":"Title: TETRIS000000000"}
{"level":30,"time":1711221997783,"pid":2726565,"hostname":"legion","msg":"Manufacturer Code: \u0000\u0000\u0000\u0000"}
{"level":30,"time":1711221997783,"pid":2726565,"hostname":"legion","msg":"GameBoy is running..."}
{"level":30,"time":1711221997783,"pid":2726565,"hostname":"legion","msg":"CPU not yet implemented"}
{"level":30,"time":1711221997784,"pid":2726565,"hostname":"legion","msg":false}
{"level":30,"time":1711221997784,"pid":2726565,"hostname":"legion","msg":"CPU not yet implemented"}
{"level":30,"time":1711221997784,"pid":2726565,"hostname":"legion","msg":"CPU Stopped"}
{"level":30,"time":1711221997759,"pid":2726558,"hostname":"legion","msg":"Expected: 10 | Actual Calculation: 10 | Passed: true "}
{"level":30,"time":1711222050897,"pid":2726726,"hostname":"legion","msg":"Title: TETRIS000000000"}
{"level":30,"time":1711222050898,"pid":2726726,"hostname":"legion","msg":"Manufacturer Code: \u0000\u0000\u0000\u0000"}
{"level":30,"time":1711222050898,"pid":2726726,"hostname":"legion","msg":"GameBoy is running..."}
{"level":30,"time":1711222050898,"pid":2726726,"hostname":"legion","msg":"CPU not yet implemented"}
{"level":30,"time":1711222050898,"pid":2726726,"hostname":"legion","msg":false}
{"level":30,"time":1711222050898,"pid":2726726,"hostname":"legion","msg":"CPU not yet implemented"}
{"level":30,"time":1711222050898,"pid":2726726,"hostname":"legion","msg":"CPU Stopped"}
{"level":30,"time":1711222085723,"pid":2726888,"hostname":"legion","msg":"Title: TETRIS000000000"}
{"level":30,"time":1711222085723,"pid":2726888,"hostname":"legion","msg":"Manufacturer Code: \u0000\u0000\u0000\u0000"}
{"level":30,"time":1711222085723,"pid":2726888,"hostname":"legion","msg":"GameBoy is running..."}
{"level":30,"time":1711222085723,"pid":2726888,"hostname":"legion","msg":"CPU not yet implemented"}
{"level":30,"time":1711222085723,"pid":2726888,"hostname":"legion","msg":false}
{"level":30,"time":1711222085723,"pid":2726888,"hostname":"legion","msg":"CPU not yet implemented"}
{"level":30,"time":1711222085723,"pid":2726888,"hostname":"legion","msg":"CPU Stopped"}
{"level":30,"time":1711222695063,"pid":2728391,"hostname":"legion","msg":"Title: TETRIS000000000"}
{"level":30,"time":1711222695063,"pid":2728391,"hostname":"legion","msg":"Manufacturer Code: \u0000\u0000\u0000\u0000"}
{"level":30,"time":1711222695063,"pid":2728391,"hostname":"legion","msg":"GameBoy is running..."}
{"level":30,"time":1711222695063,"pid":2728391,"hostname":"legion","msg":"CPU not yet implemented"}
{"level":30,"time":1711222695063,"pid":2728391,"hostname":"legion","msg":false}
{"level":30,"time":1711222695063,"pid":2728391,"hostname":"legion","msg":"CPU not yet implemented"}
{"level":30,"time":1711222695063,"pid":2728391,"hostname":"legion","msg":"CPU Stopped"}
{"level":30,"time":1711222709377,"pid":2728464,"hostname":"legion","msg":"Title: TETRIS000000000"}
{"level":30,"time":1711222709378,"pid":2728464,"hostname":"legion","msg":"Manufacturer Code: \u0000\u0000\u0000\u0000"}
{"level":30,"time":1711222709378,"pid":2728464,"hostname":"legion","msg":"GameBoy is running..."}
{"level":30,"time":1711222709378,"pid":2728464,"hostname":"legion","msg":"CPU not yet implemented"}
{"level":30,"time":1711222709378,"pid":2728464,"hostname":"legion","msg":false}
{"level":30,"time":1711222709378,"pid":2728464,"hostname":"legion","msg":"CPU not yet implemented"}
{"level":30,"time":1711222709378,"pid":2728464,"hostname":"legion","msg":"CPU Stopped"}
{"level":30,"time":1711222737621,"pid":2728565,"hostname":"legion","msg":"Expected: 10 | Actual Calculation: 10 | Passed: true "}
{"level":30,"time":1711222737658,"pid":2728571,"hostname":"legion","msg":"Title: TETRIS000000000"}
{"level":30,"time":1711222737658,"pid":2728571,"hostname":"legion","msg":"Manufacturer Code: \u0000\u0000\u0000\u0000"}
{"level":30,"time":1711222737658,"pid":2728571,"hostname":"legion","msg":"GameBoy is running..."}
{"level":30,"time":1711222737658,"pid":2728571,"hostname":"legion","msg":"CPU not yet implemented"}
{"level":30,"time":1711222737658,"pid":2728571,"hostname":"legion","msg":false}
{"level":30,"time":1711222737658,"pid":2728571,"hostname":"legion","msg":"CPU not yet implemented"}
{"level":30,"time":1711222737658,"pid":2728571,"hostname":"legion","msg":"CPU Stopped"}
{"level":30,"time":1711222783672,"pid":2728707,"hostname":"legion","msg":"Title: TETRIS000000000"}
{"level":30,"time":1711222783672,"pid":2728707,"hostname":"legion","msg":"Manufacturer Code: \u0000\u0000\u0000\u0000"}
{"level":30,"time":1711222783672,"pid":2728707,"hostname":"legion","msg":"GameBoy is running..."}
{"level":30,"time":1711222783672,"pid":2728707,"hostname":"legion","msg":"CPU not yet implemented"}
{"level":30,"time":1711222783672,"pid":2728707,"hostname":"legion","msg":false}
{"level":30,"time":1711222783672,"pid":2728707,"hostname":"legion","msg":"CPU not yet implemented"}
{"level":30,"time":1711222783672,"pid":2728707,"hostname":"legion","msg":"CPU Stopped"}
{"level":30,"time":1711222783655,"pid":2728701,"hostname":"legion","msg":"Expected: 10 | Actual Calculation: 10 | Passed: true "}
{"level":30,"time":1711223961719,"pid":2731643,"hostname":"legion","msg":"Expected: 10 | Actual Calculation: 10 | Passed: true "}
{"level":30,"time":1711223961718,"pid":2731649,"hostname":"legion","msg":"Title: TETRIS000000000"}
{"level":30,"time":1711223961718,"pid":2731649,"hostname":"legion","msg":"Manufacturer Code: \u0000\u0000\u0000\u0000"}
{"level":30,"time":1711223961718,"pid":2731649,"hostname":"legion","msg":"GameBoy is running..."}
{"level":30,"time":1711223961718,"pid":2731649,"hostname":"legion","msg":"CPU not yet implemented"}
{"level":30,"time":1711223961718,"pid":2731649,"hostname":"legion","msg":false}
{"level":30,"time":1711223961718,"pid":2731649,"hostname":"legion","msg":"CPU not yet implemented"}
{"level":30,"time":1711223961718,"pid":2731649,"hostname":"legion","msg":"CPU Stopped"}
{"level":30,"time":1711231746645,"pid":2749263,"hostname":"legion","msg":"Title: TETRIS000000000"}
{"level":30,"time":1711231746653,"pid":2749256,"hostname":"legion","msg":"Expected: 10 | Actual Calculation: 10 | Passed: true "}
{"level":30,"time":1711231746646,"pid":2749263,"hostname":"legion","msg":"Manufacturer Code: \u0000\u0000\u0000\u0000"}
{"level":30,"time":1711231746646,"pid":2749263,"hostname":"legion","msg":"GameBoy is running..."}
{"level":30,"time":1711231746646,"pid":2749263,"hostname":"legion","msg":"CPU not yet implemented"}
{"level":30,"time":1711231746646,"pid":2749263,"hostname":"legion","msg":false}
{"level":30,"time":1711231746646,"pid":2749263,"hostname":"legion","msg":"CPU not yet implemented"}
{"level":30,"time":1711231746646,"pid":2749263,"hostname":"legion","msg":"CPU Stopped"}
{"level":30,"time":1711231756562,"pid":2749315,"hostname":"legion","msg":"Expected: 10 | Actual Calculation: 10 | Passed: true "}
{"level":30,"time":1711231756563,"pid":2749321,"hostname":"legion","msg":"Title: TETRIS000000000"}
{"level":30,"time":1711231756563,"pid":2749321,"hostname":"legion","msg":"Manufacturer Code: \u0000\u0000\u0000\u0000"}
{"level":30,"time":1711231756563,"pid":2749321,"hostname":"legion","msg":"GameBoy is running..."}
{"level":30,"time":1711231756563,"pid":2749321,"hostname":"legion","msg":"CPU not yet implemented"}
{"level":30,"time":1711231756563,"pid":2749321,"hostname":"legion","msg":false}
{"level":30,"time":1711231756563,"pid":2749321,"hostname":"legion","msg":"CPU not yet implemented"}
{"level":30,"time":1711231756563,"pid":2749321,"hostname":"legion","msg":"CPU Stopped"}
{"level":30,"time":1711231781794,"pid":2749414,"hostname":"legion","msg":"Expected: 10 | Actual Calculation: 10 | Passed: true "}
{"level":30,"time":1711231781800,"pid":2749421,"hostname":"legion","msg":"Title: TETRIS000000000"}
{"level":30,"time":1711231781801,"pid":2749421,"hostname":"legion","msg":"Manufacturer Code: \u0000\u0000\u0000\u0000"}
{"level":30,"time":1711231781801,"pid":2749421,"hostname":"legion","msg":"GameBoy is running..."}
{"level":30,"time":1711231781801,"pid":2749421,"hostname":"legion","msg":"CPU not yet implemented"}
{"level":30,"time":1711231781801,"pid":2749421,"hostname":"legion","msg":false}
{"level":30,"time":1711231781801,"pid":2749421,"hostname":"legion","msg":"CPU not yet implemented"}
{"level":30,"time":1711231781801,"pid":2749421,"hostname":"legion","msg":"CPU Stopped"}
{"level":30,"time":1711232195072,"pid":2750447,"hostname":"legion","msg":"Title: TETRIS000000000"}
{"level":30,"time":1711232195064,"pid":2750441,"hostname":"legion","msg":"Expected: 10 | Actual Calculation: 10 | Passed: true "}
{"level":30,"time":1711232195073,"pid":2750447,"hostname":"legion","msg":"Manufacturer Code: \u0000\u0000\u0000\u0000"}
{"level":30,"time":1711232195073,"pid":2750447,"hostname":"legion","msg":"GameBoy is running..."}
{"level":30,"time":1711232195073,"pid":2750447,"hostname":"legion","msg":"CPU not yet implemented"}
{"level":30,"time":1711232195073,"pid":2750447,"hostname":"legion","msg":false}
{"level":30,"time":1711232195073,"pid":2750447,"hostname":"legion","msg":"CPU not yet implemented"}
{"level":30,"time":1711232195073,"pid":2750447,"hostname":"legion","msg":"CPU Stopped"}
{"level":30,"time":1711232280357,"pid":2750858,"hostname":"legion","msg":"Expected: 10 | Actual Calculation: 10 | Passed: true "}
{"level":30,"time":1711232280381,"pid":2750865,"hostname":"legion","msg":"Title: TETRIS000000000"}
{"level":30,"time":1711232280381,"pid":2750865,"hostname":"legion","msg":"Manufacturer Code: \u0000\u0000\u0000\u0000"}
{"level":30,"time":1711232280381,"pid":2750865,"hostname":"legion","msg":"GameBoy is running..."}
{"level":30,"time":1711232280381,"pid":2750865,"hostname":"legion","msg":"CPU not yet implemented"}
{"level":30,"time":1711232280381,"pid":2750865,"hostname":"legion","msg":false}
{"level":30,"time":1711232280381,"pid":2750865,"hostname":"legion","msg":"CPU not yet implemented"}
{"level":30,"time":1711232280381,"pid":2750865,"hostname":"legion","msg":"CPU Stopped"}
{"level":30,"time":1711232379018,"pid":2751248,"hostname":"legion","msg":"Title: TETRIS000000000"}
{"level":30,"time":1711232379018,"pid":2751248,"hostname":"legion","msg":"Manufacturer Code: \u0000\u0000\u0000\u0000"}
{"level":30,"time":1711232379018,"pid":2751248,"hostname":"legion","msg":"GameBoy is running..."}
{"level":30,"time":1711232379018,"pid":2751248,"hostname":"legion","msg":"CPU not yet implemented"}
{"level":30,"time":1711232379018,"pid":2751248,"hostname":"legion","msg":false}
{"level":30,"time":1711232379018,"pid":2751248,"hostname":"legion","msg":"CPU not yet implemented"}
{"level":30,"time":1711232379018,"pid":2751248,"hostname":"legion","msg":"CPU Stopped"}
{"level":30,"time":1711232379002,"pid":2751242,"hostname":"legion","msg":"Expected: 10 | Actual Calculation: 10 | Passed: true "}
{"level":30,"time":1711232429267,"pid":2751398,"hostname":"legion","msg":"Title: TETRIS000000000"}
{"level":30,"time":1711232429268,"pid":2751398,"hostname":"legion","msg":"Manufacturer Code: \u0000\u0000\u0000\u0000"}
{"level":30,"time":1711232429268,"pid":2751398,"hostname":"legion","msg":"GameBoy is running..."}
{"level":30,"time":1711232429268,"pid":2751398,"hostname":"legion","msg":"CPU not yet implemented"}
{"level":30,"time":1711232429268,"pid":2751398,"hostname":"legion","msg":false}
{"level":30,"time":1711232429268,"pid":2751398,"hostname":"legion","msg":"CPU not yet implemented"}
{"level":30,"time":1711232429268,"pid":2751398,"hostname":"legion","msg":"CPU Stopped"}
{"level":30,"time":1711232429229,"pid":2751392,"hostname":"legion","msg":"Expected: 10 | Actual Calculation: 10 | Passed: true "}
{"level":30,"time":1711232436072,"pid":2751448,"hostname":"legion","msg":"Title: TETRIS000000000"}
{"level":30,"time":1711232436072,"pid":2751448,"hostname":"legion","msg":"Manufacturer Code: \u0000\u0000\u0000\u0000"}
{"level":30,"time":1711232436072,"pid":2751448,"hostname":"legion","msg":"GameBoy is running..."}
{"level":30,"time":1711232436072,"pid":2751448,"hostname":"legion","msg":"CPU not yet implemented"}
{"level":30,"time":1711232436072,"pid":2751448,"hostname":"legion","msg":false}
{"level":30,"time":1711232436072,"pid":2751448,"hostname":"legion","msg":"CPU not yet implemented"}
{"level":30,"time":1711232436072,"pid":2751448,"hostname":"legion","msg":"CPU Stopped"}
{"level":30,"time":1711232436083,"pid":2751437,"hostname":"legion","msg":"Expected: 10 | Actual Calculation: 10 | Passed: true "}
{"level":30,"time":1711245684700,"pid":2783344,"hostname":"legion","msg":"Title: TETRIS000000000"}
{"level":30,"time":1711245684701,"pid":2783344,"hostname":"legion","msg":"Manufacturer Code: \u0000\u0000\u0000\u0000"}
{"level":30,"time":1711245684701,"pid":2783344,"hostname":"legion","msg":"GameBoy is running..."}
{"level":30,"time":1711245684701,"pid":2783344,"hostname":"legion","msg":"CPU not yet implemented"}
{"level":30,"time":1711245684701,"pid":2783344,"hostname":"legion","msg":false}
{"level":30,"time":1711245684701,"pid":2783344,"hostname":"legion","msg":"CPU not yet implemented"}
{"level":30,"time":1711245684701,"pid":2783344,"hostname":"legion","msg":"CPU Stopped"}
{"level":30,"time":1711245684698,"pid":2783343,"hostname":"legion","msg":"Expected: 10 | Actual Calculation: 10 | Passed: true "}
{"level":30,"time":1711245915070,"pid":2784069,"hostname":"legion","msg":"Expected: 10 | Actual Calculation: 10 | Passed: true "}
{"level":30,"time":1711245915370,"pid":2784075,"hostname":"legion","msg":"Title: TETRIS000000000"}
{"level":30,"time":1711245915370,"pid":2784075,"hostname":"legion","msg":"Manufacturer Code: \u0000\u0000\u0000\u0000"}
{"level":30,"time":1711245915370,"pid":2784075,"hostname":"legion","msg":"GameBoy is running..."}
{"level":30,"time":1711245915370,"pid":2784075,"hostname":"legion","msg":"CPU not yet implemented"}
{"level":30,"time":1711245915370,"pid":2784075,"hostname":"legion","msg":false}
{"level":30,"time":1711245915370,"pid":2784075,"hostname":"legion","msg":"CPU not yet implemented"}
{"level":30,"time":1711245915370,"pid":2784075,"hostname":"legion","msg":"CPU Stopped"}
{"level":30,"time":1711245923752,"pid":2784130,"hostname":"legion","msg":"Expected: 10 | Actual Calculation: 10 | Passed: true "}
{"level":30,"time":1711245923915,"pid":2784136,"hostname":"legion","msg":"Title: TETRIS000000000"}
{"level":30,"time":1711245923915,"pid":2784136,"hostname":"legion","msg":"Manufacturer Code: \u0000\u0000\u0000\u0000"}
{"level":30,"time":1711245923915,"pid":2784136,"hostname":"legion","msg":"GameBoy is running..."}
{"level":30,"time":1711245923915,"pid":2784136,"hostname":"legion","msg":"CPU not yet implemented"}
{"level":30,"time":1711245923915,"pid":2784136,"hostname":"legion","msg":false}
{"level":30,"time":1711245923915,"pid":2784136,"hostname":"legion","msg":"CPU not yet implemented"}
{"level":30,"time":1711245923915,"pid":2784136,"hostname":"legion","msg":"CPU Stopped"}
{"level":30,"time":1711245950797,"pid":2784222,"hostname":"legion","msg":"Expected: 10 | Actual Calculation: 10 | Passed: true "}
{"level":30,"time":1711245950928,"pid":2784228,"hostname":"legion","msg":"Title: TETRIS000000000"}
{"level":30,"time":1711245950928,"pid":2784228,"hostname":"legion","msg":"Manufacturer Code: \u0000\u0000\u0000\u0000"}
{"level":30,"time":1711245950929,"pid":2784228,"hostname":"legion","msg":"GameBoy is running..."}
{"level":30,"time":1711245950929,"pid":2784228,"hostname":"legion","msg":"CPU not yet implemented"}
{"level":30,"time":1711245950929,"pid":2784228,"hostname":"legion","msg":false}
{"level":30,"time":1711245950929,"pid":2784228,"hostname":"legion","msg":"CPU not yet implemented"}
{"level":30,"time":1711245950929,"pid":2784228,"hostname":"legion","msg":"CPU Stopped"}
{"level":30,"time":1711245982391,"pid":2784332,"hostname":"legion","msg":"Expected: 10 | Actual Calculation: 10 | Passed: true "}
{"level":30,"time":1711245982531,"pid":2784338,"hostname":"legion","msg":"Title: TETRIS000000000"}
{"level":30,"time":1711245982532,"pid":2784338,"hostname":"legion","msg":"Manufacturer Code: \u0000\u0000\u0000\u0000"}
{"level":30,"time":1711245982532,"pid":2784338,"hostname":"legion","msg":"GameBoy is running..."}
{"level":30,"time":1711245982532,"pid":2784338,"hostname":"legion","msg":"CPU not yet implemented"}
{"level":30,"time":1711245982532,"pid":2784338,"hostname":"legion","msg":false}
{"level":30,"time":1711245982532,"pid":2784338,"hostname":"legion","msg":"CPU not yet implemented"}
{"level":30,"time":1711245982532,"pid":2784338,"hostname":"legion","msg":"CPU Stopped"}
{"level":30,"time":1711248500288,"pid":2790218,"hostname":"legion","msg":"Expected: 10 | Actual Calculation: 10 | Passed: true "}
{"level":30,"time":1711248500292,"pid":2790224,"hostname":"legion","msg":"Title: TETRIS000000000"}
{"level":30,"time":1711248500292,"pid":2790224,"hostname":"legion","msg":"Manufacturer Code: \u0000\u0000\u0000\u0000"}
{"level":30,"time":1711248500292,"pid":2790224,"hostname":"legion","msg":"GameBoy is running..."}
{"level":30,"time":1711248500292,"pid":2790224,"hostname":"legion","msg":"CPU not yet implemented"}
{"level":30,"time":1711248500292,"pid":2790224,"hostname":"legion","msg":false}
{"level":30,"time":1711248500292,"pid":2790224,"hostname":"legion","msg":"CPU not yet implemented"}
{"level":30,"time":1711248500292,"pid":2790224,"hostname":"legion","msg":"CPU Stopped"}
{"level":30,"time":1711248633844,"pid":2790555,"hostname":"legion","msg":"Expected: 10 | Actual Calculation: 10 | Passed: true "}
{"level":30,"time":1711248634013,"pid":2790561,"hostname":"legion","msg":"Title: TETRIS000000000"}
{"level":30,"time":1711248634013,"pid":2790561,"hostname":"legion","msg":"Manufacturer Code: \u0000\u0000\u0000\u0000"}
{"level":30,"time":1711248634013,"pid":2790561,"hostname":"legion","msg":"GameBoy is running..."}
{"level":30,"time":1711248634013,"pid":2790561,"hostname":"legion","msg":"CPU not yet implemented"}
{"level":30,"time":1711248634013,"pid":2790561,"hostname":"legion","msg":false}
{"level":30,"time":1711248634013,"pid":2790561,"hostname":"legion","msg":"CPU not yet implemented"}
{"level":30,"time":1711248634013,"pid":2790561,"hostname":"legion","msg":"CPU Stopped"}
{"level":30,"time":1711248647131,"pid":2790622,"hostname":"legion","msg":"Expected: 10 | Actual Calculation: 10 | Passed: true "}
{"level":30,"time":1711248647321,"pid":2790628,"hostname":"legion","msg":"Title: TETRIS000000000"}
{"level":30,"time":1711248647321,"pid":2790628,"hostname":"legion","msg":"Manufacturer Code: \u0000\u0000\u0000\u0000"}
{"level":30,"time":1711248647321,"pid":2790628,"hostname":"legion","msg":"GameBoy is running..."}
{"level":30,"time":1711248647321,"pid":2790628,"hostname":"legion","msg":"CPU not yet implemented"}
{"level":30,"time":1711248647321,"pid":2790628,"hostname":"legion","msg":false}
{"level":30,"time":1711248647321,"pid":2790628,"hostname":"legion","msg":"CPU not yet implemented"}
{"level":30,"time":1711248647321,"pid":2790628,"hostname":"legion","msg":"CPU Stopped"}
{"level":30,"time":1711250134436,"pid":2794302,"hostname":"legion","msg":"Expected: 10 | Actual Calculation: 10 | Passed: true "}
{"level":30,"time":1711250134623,"pid":2794308,"hostname":"legion","msg":"Title: TETRIS000000000"}
{"level":30,"time":1711250134623,"pid":2794308,"hostname":"legion","msg":"Manufacturer Code: \u0000\u0000\u0000\u0000"}
{"level":30,"time":1711250134623,"pid":2794308,"hostname":"legion","msg":"GameBoy is running..."}
{"level":30,"time":1711250134624,"pid":2794308,"hostname":"legion","msg":"CPU not yet implemented"}
{"level":30,"time":1711250134624,"pid":2794308,"hostname":"legion","msg":false}
{"level":30,"time":1711250134624,"pid":2794308,"hostname":"legion","msg":"CPU not yet implemented"}
{"level":30,"time":1711250134624,"pid":2794308,"hostname":"legion","msg":"CPU Stopped"}
{"level":30,"time":1711250137875,"pid":2794350,"hostname":"legion","msg":"Expected: 10 | Actual Calculation: 10 | Passed: true "}
{"level":30,"time":1711250138033,"pid":2794356,"hostname":"legion","msg":"Title: TETRIS000000000"}
{"level":30,"time":1711250138033,"pid":2794356,"hostname":"legion","msg":"Manufacturer Code: \u0000\u0000\u0000\u0000"}
{"level":30,"time":1711250138033,"pid":2794356,"hostname":"legion","msg":"GameBoy is running..."}
{"level":30,"time":1711250138033,"pid":2794356,"hostname":"legion","msg":"CPU not yet implemented"}
{"level":30,"time":1711250138033,"pid":2794356,"hostname":"legion","msg":false}
{"level":30,"time":1711250138033,"pid":2794356,"hostname":"legion","msg":"CPU not yet implemented"}
{"level":30,"time":1711250138033,"pid":2794356,"hostname":"legion","msg":"CPU Stopped"}
{"level":30,"time":1711250236945,"pid":2794639,"hostname":"legion","msg":"Expected: 10 | Actual Calculation: 10 | Passed: true "}
{"level":30,"time":1711250236960,"pid":2794645,"hostname":"legion","msg":"Title: TETRIS000000000"}
{"level":30,"time":1711250236960,"pid":2794645,"hostname":"legion","msg":"Manufacturer Code: \u0000\u0000\u0000\u0000"}
{"level":30,"time":1711250236960,"pid":2794645,"hostname":"legion","msg":"GameBoy is running..."}
{"level":30,"time":1711250236960,"pid":2794645,"hostname":"legion","msg":"CPU not yet implemented"}
{"level":30,"time":1711250236960,"pid":2794645,"hostname":"legion","msg":false}
{"level":30,"time":1711250236960,"pid":2794645,"hostname":"legion","msg":"CPU not yet implemented"}
{"level":30,"time":1711250236960,"pid":2794645,"hostname":"legion","msg":"CPU Stopped"}
